# JRE version: OpenJDK Runtime Environment (7.0_95) (build 1.7.0_95-b00)
# Java VM: OpenJDK Server VM (24.95-b01 mixed mode linux-x86 )
Heap
 PSYoungGen      total 251392K, used 41892K [0x9dd40000, 0xb32c0000, 0xb32c0000)
  eden space 153088K, 0% used [0x9dd40000,0x9dd40000,0xa72c0000)
  from space 98304K, 42% used [0xa72c0000,0xa9ba91e0,0xad2c0000)
  to   space 96000K, 0% used [0xad500000,0xad500000,0xb32c0000)
 ParOldGen       total 349440K, used 349258K [0x732c0000, 0x88800000, 0x9dd40000)
  object space 349440K, 99% used [0x732c0000,0x887d2b10,0x88800000)
 PSPermGen       total 16384K, used 4441K [0x6b2c0000, 0x6c2c0000, 0x732c0000)
  object space 16384K, 27% used [0x6b2c0000,0x6b716498,0x6c2c0000)
GC Heap History (10 events):
Event: 21.144 GC heap after
Heap after GC invocations=21 (full 4):
 PSYoungGen      total 276224K, used 29879K [0x9dd40000, 0xb32c0000, 0xb32c0000)
  eden space 202752K, 0% used [0x9dd40000,0x9dd40000,0xaa340000)
  from space 73472K, 40% used [0xaa340000,0xac06dfe8,0xaeb00000)
  to   space 71936K, 0% used [0xaec80000,0xaec80000,0xb32c0000)
 ParOldGen       total 349440K, used 238967K [0x732c0000, 0x88800000, 0x9dd40000)
  object space 349440K, 68% used [0x732c0000,0x81c1dcd0,0x88800000)
 PSPermGen       total 16384K, used 4419K [0x6b2c0000, 0x6c2c0000, 0x732c0000)
  object space 16384K, 26% used [0x6b2c0000,0x6b710d68,0x6c2c0000)
}
Event: 21.649 GC heap before
{Heap before GC invocations=22 (full 4):
 PSYoungGen      total 276224K, used 232631K [0x9dd40000, 0xb32c0000, 0xb32c0000)
  eden space 202752K, 100% used [0x9dd40000,0xaa340000,0xaa340000)
  from space 73472K, 40% used [0xaa340000,0xac06dfe8,0xaeb00000)
  to   space 71936K, 0% used [0xaec80000,0xaec80000,0xb32c0000)
 ParOldGen       total 349440K, used 238967K [0x732c0000, 0x88800000, 0x9dd40000)
  object space 349440K, 68% used [0x732c0000,0x81c1dcd0,0x88800000)
 PSPermGen       total 16384K, used 4428K [0x6b2c0000, 0x6c2c0000, 0x732c0000)
  object space 16384K, 27% used [0x6b2c0000,0x6b7130c0,0x6c2c0000)
Event: 21.959 GC heap after
Heap after GC invocations=22 (full 4):
 PSYoungGen      total 269568K, used 32550K [0x9dd40000, 0xb2c40000, 0xb32c0000)
  eden space 204288K, 0% used [0x9dd40000,0x9dd40000,0xaa4c0000)
  from space 65280K, 49% used [0xaec80000,0xb0c49928,0xb2c40000)
  to   space 69376K, 0% used [0xaa4c0000,0xaa4c0000,0xae880000)
 ParOldGen       total 349440K, used 267493K [0x732c0000, 0x88800000, 0x9dd40000)
  object space 349440K, 76% used [0x732c0000,0x837f9620,0x88800000)
 PSPermGen       total 16384K, used 4428K [0x6b2c0000, 0x6c2c0000, 0x732c0000)
  object space 16384K, 27% used [0x6b2c0000,0x6b7130c0,0x6c2c0000)
}
Event: 23.544 GC heap before
{Heap before GC invocations=23 (full 4):
 PSYoungGen      total 269568K, used 236838K [0x9dd40000, 0xb2c40000, 0xb32c0000)
  eden space 204288K, 100% used [0x9dd40000,0xaa4c0000,0xaa4c0000)
  from space 65280K, 49% used [0xaec80000,0xb0c49928,0xb2c40000)
  to   space 69376K, 0% used [0xaa4c0000,0xaa4c0000,0xae880000)
 ParOldGen       total 349440K, used 267493K [0x732c0000, 0x88800000, 0x9dd40000)
  object space 349440K, 76% used [0x732c0000,0x837f9620,0x88800000)
 PSPermGen       total 16384K, used 4429K [0x6b2c0000, 0x6c2c0000, 0x732c0000)
  object space 16384K, 27% used [0x6b2c0000,0x6b7137e0,0x6c2c0000)
Event: 23.622 GC heap after
Heap after GC invocations=23 (full 4):
 PSYoungGen      total 268800K, used 64432K [0x9dd40000, 0xb32c0000, 0xb32c0000)
  eden space 204288K, 0% used [0x9dd40000,0x9dd40000,0xaa4c0000)
  from space 64512K, 99% used [0xaa4c0000,0xae3ac0c8,0xae3c0000)
  to   space 78848K, 0% used [0xae5c0000,0xae5c0000,0xb32c0000)
 ParOldGen       total 349440K, used 267493K [0x732c0000, 0x88800000, 0x9dd40000)
  object space 349440K, 76% used [0x732c0000,0x837f9620,0x88800000)
 PSPermGen       total 16384K, used 4429K [0x6b2c0000, 0x6c2c0000, 0x732c0000)
  object space 16384K, 27% used [0x6b2c0000,0x6b7137e0,0x6c2c0000)
}
Event: 24.153 GC heap before
{Heap before GC invocations=24 (full 4):
 PSYoungGen      total 268800K, used 268720K [0x9dd40000, 0xb32c0000, 0xb32c0000)
  eden space 204288K, 100% used [0x9dd40000,0xaa4c0000,0xaa4c0000)
  from space 64512K, 99% used [0xaa4c0000,0xae3ac0c8,0xae3c0000)
  to   space 78848K, 0% used [0xae5c0000,0xae5c0000,0xb32c0000)
 ParOldGen       total 349440K, used 267493K [0x732c0000, 0x88800000, 0x9dd40000)
  object space 349440K, 76% used [0x732c0000,0x837f9620,0x88800000)
 PSPermGen       total 16384K, used 4434K [0x6b2c0000, 0x6c2c0000, 0x732c0000)
  object space 16384K, 27% used [0x6b2c0000,0x6b714af8,0x6c2c0000)
Event: 24.275 GC heap after
Heap after GC invocations=24 (full 4):
 PSYoungGen      total 231936K, used 78840K [0x9dd40000, 0xb32c0000, 0xb32c0000)
  eden space 153088K, 0% used [0x9dd40000,0x9dd40000,0xa72c0000)
  from space 78848K, 99% used [0xae5c0000,0xb32be038,0xb32c0000)
  to   space 98304K, 0% used [0xa72c0000,0xa72c0000,0xad2c0000)
 ParOldGen       total 349440K, used 285740K [0x732c0000, 0x88800000, 0x9dd40000)
  object space 349440K, 81% used [0x732c0000,0x849cb378,0x88800000)
 PSPermGen       total 16384K, used 4434K [0x6b2c0000, 0x6c2c0000, 0x732c0000)
  object space 16384K, 27% used [0x6b2c0000,0x6b714af8,0x6c2c0000)
}
Event: 24.625 GC heap before
{Heap before GC invocations=25 (full 4):
 PSYoungGen      total 231936K, used 231928K [0x9dd40000, 0xb32c0000, 0xb32c0000)
  eden space 153088K, 100% used [0x9dd40000,0xa72c0000,0xa72c0000)
  from space 78848K, 99% used [0xae5c0000,0xb32be038,0xb32c0000)
  to   space 98304K, 0% used [0xa72c0000,0xa72c0000,0xad2c0000)
 ParOldGen       total 349440K, used 285740K [0x732c0000, 0x88800000, 0x9dd40000)
  object space 349440K, 81% used [0x732c0000,0x849cb378,0x88800000)
 PSPermGen       total 16384K, used 4441K [0x6b2c0000, 0x6c2c0000, 0x732c0000)
  object space 16384K, 27% used [0x6b2c0000,0x6b7164e8,0x6c2c0000)
Event: 29.472 GC heap after
Heap after GC invocations=25 (full 4):
 PSYoungGen      total 251392K, used 48186K [0x9dd40000, 0xb32c0000, 0xb32c0000)
  eden space 153088K, 0% used [0x9dd40000,0x9dd40000,0xa72c0000)
  from space 98304K, 49% used [0xa72c0000,0xaa1cebc0,0xad2c0000)
  to   space 96000K, 0% used [0xad500000,0xad500000,0xb32c0000)
 ParOldGen       total 349440K, used 346972K [0x732c0000, 0x88800000, 0x9dd40000)
  object space 349440K, 99% used [0x732c0000,0x885972c8,0x88800000)
 PSPermGen       total 16384K, used 4441K [0x6b2c0000, 0x6c2c0000, 0x732c0000)
  object space 16384K, 27% used [0x6b2c0000,0x6b7164e8,0x6c2c0000)
}
Event: 30.754 GC heap before
{Heap before GC invocations=26 (full 5):
 PSYoungGen      total 251392K, used 48186K [0x9dd40000, 0xb32c0000, 0xb32c0000)
  eden space 153088K, 0% used [0x9dd40000,0x9dd40000,0xa72c0000)
  from space 98304K, 49% used [0xa72c0000,0xaa1cebc0,0xad2c0000)
  to   space 96000K, 0% used [0xad500000,0xad500000,0xb32c0000)
 ParOldGen       total 349440K, used 346972K [0x732c0000, 0x88800000, 0x9dd40000)
  object space 349440K, 99% used [0x732c0000,0x885972c8,0x88800000)
 PSPermGen       total 16384K, used 4441K [0x6b2c0000, 0x6c2c0000, 0x732c0000)
  object space 16384K, 27% used [0x6b2c0000,0x6b7164e8,0x6c2c0000)

