# JRE version: OpenJDK Runtime Environment (7.0_95) (build 1.7.0_95-b00)
# Java VM: OpenJDK Server VM (24.95-b01 mixed mode linux-x86 )
Heap
 PSYoungGen      total 268288K, used 3614K [0x9dd80000, 0xb3300000, 0xb3300000)
  eden space 181760K, 0% used [0x9dd80000,0x9dd80000,0xa8f00000)
  from space 86528K, 4% used [0xade80000,0xae207970,0xb3300000)
  to   space 81408K, 0% used [0xa8f00000,0xa8f00000,0xade80000)
 ParOldGen       total 354048K, used 353911K [0x73300000, 0x88cc0000, 0x9dd80000)
  object space 354048K, 99% used [0x73300000,0x88c9dd70,0x88cc0000)
 PSPermGen       total 16384K, used 4434K [0x6b300000, 0x6c300000, 0x73300000)
  object space 16384K, 27% used [0x6b300000,0x6b7548c0,0x6c300000)
GC Heap History (10 events):
Event: 33.950 GC heap after
Heap after GC invocations=20 (full 3):
 PSYoungGen      total 275712K, used 35224K [0x9dd80000, 0xb3300000, 0xb3300000)
  eden space 201728K, 0% used [0x9dd80000,0x9dd80000,0xaa280000)
  from space 73984K, 47% used [0xaa280000,0xac4e61f0,0xaeac0000)
  to   space 72448K, 0% used [0xaec40000,0xaec40000,0xb3300000)
 ParOldGen       total 240640K, used 240585K [0x73300000, 0x81e00000, 0x9dd80000)
  object space 240640K, 99% used [0x73300000,0x81df24a8,0x81e00000)
 PSPermGen       total 16384K, used 4422K [0x6b300000, 0x6c300000, 0x73300000)
  object space 16384K, 26% used [0x6b300000,0x6b751a78,0x6c300000)
}
Event: 33.950 GC heap before
{Heap before GC invocations=21 (full 4):
 PSYoungGen      total 275712K, used 35224K [0x9dd80000, 0xb3300000, 0xb3300000)
  eden space 201728K, 0% used [0x9dd80000,0x9dd80000,0xaa280000)
  from space 73984K, 47% used [0xaa280000,0xac4e61f0,0xaeac0000)
  to   space 72448K, 0% used [0xaec40000,0xaec40000,0xb3300000)
 ParOldGen       total 240640K, used 240585K [0x73300000, 0x81e00000, 0x9dd80000)
  object space 240640K, 99% used [0x73300000,0x81df24a8,0x81e00000)
 PSPermGen       total 16384K, used 4422K [0x6b300000, 0x6c300000, 0x73300000)
  object space 16384K, 26% used [0x6b300000,0x6b751a78,0x6c300000)
Event: 36.726 GC heap after
Heap after GC invocations=21 (full 4):
 PSYoungGen      total 275712K, used 29072K [0x9dd80000, 0xb3300000, 0xb3300000)
  eden space 201728K, 0% used [0x9dd80000,0x9dd80000,0xaa280000)
  from space 73984K, 39% used [0xaa280000,0xabee43d8,0xaeac0000)
  to   space 72448K, 0% used [0xaec40000,0xaec40000,0xb3300000)
 ParOldGen       total 354048K, used 240436K [0x73300000, 0x88cc0000, 0x9dd80000)
  object space 354048K, 67% used [0x73300000,0x81dcd300,0x88cc0000)
 PSPermGen       total 16384K, used 4422K [0x6b300000, 0x6c300000, 0x73300000)
  object space 16384K, 26% used [0x6b300000,0x6b7519b8,0x6c300000)
}
Event: 45.983 GC heap before
{Heap before GC invocations=22 (full 4):
 PSYoungGen      total 275712K, used 230800K [0x9dd80000, 0xb3300000, 0xb3300000)
  eden space 201728K, 100% used [0x9dd80000,0xaa280000,0xaa280000)
  from space 73984K, 39% used [0xaa280000,0xabee43d8,0xaeac0000)
  to   space 72448K, 0% used [0xaec40000,0xaec40000,0xb3300000)
 ParOldGen       total 354048K, used 240436K [0x73300000, 0x88cc0000, 0x9dd80000)
  object space 354048K, 67% used [0x73300000,0x81dcd300,0x88cc0000)
 PSPermGen       total 16384K, used 4428K [0x6b300000, 0x6c300000, 0x73300000)
  object space 16384K, 27% used [0x6b300000,0x6b753308,0x6c300000)
Event: 47.721 GC heap after
Heap after GC invocations=22 (full 4):
 PSYoungGen      total 262400K, used 59966K [0x9dd80000, 0xb3300000, 0xb3300000)
  eden space 189952K, 0% used [0x9dd80000,0x9dd80000,0xa9700000)
  from space 72448K, 82% used [0xaec40000,0xb26cf948,0xb3300000)
  to   space 79872K, 0% used [0xa9700000,0xa9700000,0xae500000)
 ParOldGen       total 354048K, used 240436K [0x73300000, 0x88cc0000, 0x9dd80000)
  object space 354048K, 67% used [0x73300000,0x81dcd300,0x88cc0000)
 PSPermGen       total 16384K, used 4428K [0x6b300000, 0x6c300000, 0x73300000)
  object space 16384K, 27% used [0x6b300000,0x6b753308,0x6c300000)
}
Event: 50.209 GC heap before
{Heap before GC invocations=23 (full 4):
 PSYoungGen      total 262400K, used 249918K [0x9dd80000, 0xb3300000, 0xb3300000)
  eden space 189952K, 100% used [0x9dd80000,0xa9700000,0xa9700000)
  from space 72448K, 82% used [0xaec40000,0xb26cf948,0xb3300000)
  to   space 79872K, 0% used [0xa9700000,0xa9700000,0xae500000)
 ParOldGen       total 354048K, used 240436K [0x73300000, 0x88cc0000, 0x9dd80000)
  object space 354048K, 67% used [0x73300000,0x81dcd300,0x88cc0000)
 PSPermGen       total 16384K, used 4430K [0x6b300000, 0x6c300000, 0x73300000)
  object space 16384K, 27% used [0x6b300000,0x6b7538f8,0x6c300000)
Event: 53.269 GC heap after
Heap after GC invocations=23 (full 4):
 PSYoungGen      total 251904K, used 61789K [0x9dd80000, 0xb3300000, 0xb3300000)
  eden space 189952K, 0% used [0x9dd80000,0x9dd80000,0xa9700000)
  from space 61952K, 99% used [0xa9700000,0xad3574a8,0xad380000)
  to   space 86528K, 0% used [0xade80000,0xade80000,0xb3300000)
 ParOldGen       total 354048K, used 268127K [0x73300000, 0x88cc0000, 0x9dd80000)
  object space 354048K, 75% used [0x73300000,0x838d7c20,0x88cc0000)
 PSPermGen       total 16384K, used 4430K [0x6b300000, 0x6c300000, 0x73300000)
  object space 16384K, 27% used [0x6b300000,0x6b7538f8,0x6c300000)
}
Event: 57.916 GC heap before
{Heap before GC invocations=24 (full 4):
 PSYoungGen      total 251904K, used 251741K [0x9dd80000, 0xb3300000, 0xb3300000)
  eden space 189952K, 100% used [0x9dd80000,0xa9700000,0xa9700000)
  from space 61952K, 99% used [0xa9700000,0xad3574a8,0xad380000)
  to   space 86528K, 0% used [0xade80000,0xade80000,0xb3300000)
 ParOldGen       total 354048K, used 268127K [0x73300000, 0x88cc0000, 0x9dd80000)
  object space 354048K, 75% used [0x73300000,0x838d7c20,0x88cc0000)
 PSPermGen       total 16384K, used 4434K [0x6b300000, 0x6c300000, 0x73300000)
  object space 16384K, 27% used [0x6b300000,0x6b7548e0,0x6c300000)
Event: 61.004 GC heap after
Heap after GC invocations=24 (full 4):
 PSYoungGen      total 268288K, used 31910K [0x9dd80000, 0xb3300000, 0xb3300000)
  eden space 181760K, 0% used [0x9dd80000,0x9dd80000,0xa8f00000)
  from space 86528K, 36% used [0xade80000,0xafda98c8,0xb3300000)
  to   space 81408K, 0% used [0xa8f00000,0xa8f00000,0xade80000)
 ParOldGen       total 354048K, used 328999K [0x73300000, 0x88cc0000, 0x9dd80000)
  object space 354048K, 92% used [0x73300000,0x87449cd8,0x88cc0000)
 PSPermGen       total 16384K, used 4434K [0x6b300000, 0x6c300000, 0x73300000)
  object space 16384K, 27% used [0x6b300000,0x6b7548e0,0x6c300000)
}
Event: 61.004 GC heap before
{Heap before GC invocations=25 (full 5):
 PSYoungGen      total 268288K, used 31910K [0x9dd80000, 0xb3300000, 0xb3300000)
  eden space 181760K, 0% used [0x9dd80000,0x9dd80000,0xa8f00000)
  from space 86528K, 36% used [0xade80000,0xafda98c8,0xb3300000)
  to   space 81408K, 0% used [0xa8f00000,0xa8f00000,0xade80000)
 ParOldGen       total 354048K, used 328999K [0x73300000, 0x88cc0000, 0x9dd80000)
  object space 354048K, 92% used [0x73300000,0x87449cd8,0x88cc0000)
 PSPermGen       total 16384K, used 4434K [0x6b300000, 0x6c300000, 0x73300000)
  object space 16384K, 27% used [0x6b300000,0x6b7548e0,0x6c300000)

