# JRE version: OpenJDK Runtime Environment (7.0_95) (build 1.7.0_95-b00)
# Java VM: OpenJDK Server VM (24.95-b01 mixed mode linux-x86 )
Heap
 PSYoungGen      total 262144K, used 15215K [0x9ddc0000, 0xb3340000, 0xb3340000)
  eden space 174592K, 0% used [0x9ddc0000,0x9ddc0000,0xa8840000)
  from space 87552K, 17% used [0xa8840000,0xa971bce0,0xaddc0000)
  to   space 87552K, 0% used [0xaddc0000,0xaddc0000,0xb3340000)
 ParOldGen       total 518656K, used 518419K [0x73340000, 0x92dc0000, 0x9ddc0000)
  object space 518656K, 99% used [0x73340000,0x92d84c50,0x92dc0000)
 PSPermGen       total 16384K, used 4438K [0x6b340000, 0x6c340000, 0x73340000)
  object space 16384K, 27% used [0x6b340000,0x6b795b90,0x6c340000)
GC Heap History (10 events):
Event: 86.828 GC heap after
Heap after GC invocations=25 (full 5):
 PSYoungGen      total 284160K, used 39471K [0x9ddc0000, 0xb3340000, 0xb3340000)
  eden space 220672K, 0% used [0x9ddc0000,0x9ddc0000,0xab540000)
  from space 63488K, 62% used [0xaf540000,0xb1bcbd88,0xb3340000)
  to   space 64512K, 0% used [0xab540000,0xab540000,0xaf440000)
 ParOldGen       total 397312K, used 337355K [0x73340000, 0x8b740000, 0x9ddc0000)
  object space 397312K, 84% used [0x73340000,0x87cb2dd8,0x8b740000)
 PSPermGen       total 16384K, used 4431K [0x6b340000, 0x6c340000, 0x73340000)
  object space 16384K, 27% used [0x6b340000,0x6b793c18,0x6c340000)
}
Event: 89.057 GC heap before
{Heap before GC invocations=26 (full 5):
 PSYoungGen      total 284160K, used 260143K [0x9ddc0000, 0xb3340000, 0xb3340000)
  eden space 220672K, 100% used [0x9ddc0000,0xab540000,0xab540000)
  from space 63488K, 62% used [0xaf540000,0xb1bcbd88,0xb3340000)
  to   space 64512K, 0% used [0xab540000,0xab540000,0xaf440000)
 ParOldGen       total 397312K, used 337355K [0x73340000, 0x8b740000, 0x9ddc0000)
  object space 397312K, 84% used [0x73340000,0x87cb2dd8,0x8b740000)
 PSPermGen       total 16384K, used 4438K [0x6b340000, 0x6c340000, 0x73340000)
  object space 16384K, 27% used [0x6b340000,0x6b795b10,0x6c340000)
Event: 89.156 GC heap after
Heap after GC invocations=26 (full 5):
 PSYoungGen      total 254208K, used 33421K [0x9ddc0000, 0xb3140000, 0xb3340000)
  eden space 220672K, 0% used [0x9ddc0000,0x9ddc0000,0xab540000)
  from space 33536K, 99% used [0xab540000,0xad5e3548,0xad600000)
  to   space 62976K, 0% used [0xaf3c0000,0xaf3c0000,0xb3140000)
 ParOldGen       total 397312K, used 372519K [0x73340000, 0x8b740000, 0x9ddc0000)
  object space 397312K, 93% used [0x73340000,0x89f09e58,0x8b740000)
 PSPermGen       total 16384K, used 4438K [0x6b340000, 0x6c340000, 0x73340000)
  object space 16384K, 27% used [0x6b340000,0x6b795b10,0x6c340000)
}
Event: 89.156 GC heap before
{Heap before GC invocations=27 (full 6):
 PSYoungGen      total 254208K, used 33421K [0x9ddc0000, 0xb3140000, 0xb3340000)
  eden space 220672K, 0% used [0x9ddc0000,0x9ddc0000,0xab540000)
  from space 33536K, 99% used [0xab540000,0xad5e3548,0xad600000)
  to   space 62976K, 0% used [0xaf3c0000,0xaf3c0000,0xb3140000)
 ParOldGen       total 397312K, used 372519K [0x73340000, 0x8b740000, 0x9ddc0000)
  object space 397312K, 93% used [0x73340000,0x89f09e58,0x8b740000)
 PSPermGen       total 16384K, used 4438K [0x6b340000, 0x6c340000, 0x73340000)
  object space 16384K, 27% used [0x6b340000,0x6b795b10,0x6c340000)
Event: 90.447 GC heap after
Heap after GC invocations=27 (full 6):
 PSYoungGen      total 254208K, used 7167K [0x9ddc0000, 0xb3140000, 0xb3340000)
  eden space 220672K, 0% used [0x9ddc0000,0x9ddc0000,0xab540000)
  from space 33536K, 21% used [0xab540000,0xabc3ff28,0xad600000)
  to   space 62976K, 0% used [0xaf3c0000,0xaf3c0000,0xb3140000)
 ParOldGen       total 518656K, used 397069K [0x73340000, 0x92dc0000, 0x9ddc0000)
  object space 518656K, 76% used [0x73340000,0x8b703418,0x92dc0000)
 PSPermGen       total 16384K, used 4438K [0x6b340000, 0x6c340000, 0x73340000)
  object space 16384K, 27% used [0x6b340000,0x6b795b10,0x6c340000)
}
Event: 92.037 GC heap before
{Heap before GC invocations=28 (full 6):
 PSYoungGen      total 254208K, used 227839K [0x9ddc0000, 0xb3140000, 0xb3340000)
  eden space 220672K, 100% used [0x9ddc0000,0xab540000,0xab540000)
  from space 33536K, 21% used [0xab540000,0xabc3ff28,0xad600000)
  to   space 62976K, 0% used [0xaf3c0000,0xaf3c0000,0xb3140000)
 ParOldGen       total 518656K, used 397069K [0x73340000, 0x92dc0000, 0x9ddc0000)
  object space 518656K, 76% used [0x73340000,0x8b703418,0x92dc0000)
 PSPermGen       total 16384K, used 4438K [0x6b340000, 0x6c340000, 0x73340000)
  object space 16384K, 27% used [0x6b340000,0x6b795bc0,0x6c340000)
Event: 92.290 GC heap after
Heap after GC invocations=28 (full 6):
 PSYoungGen      total 237568K, used 62961K [0x9ddc0000, 0xb3340000, 0xb3340000)
  eden space 174592K, 0% used [0x9ddc0000,0x9ddc0000,0xa8840000)
  from space 62976K, 99% used [0xaf3c0000,0xb313c5f0,0xb3140000)
  to   space 87552K, 0% used [0xa8840000,0xa8840000,0xaddc0000)
 ParOldGen       total 518656K, used 438526K [0x73340000, 0x92dc0000, 0x9ddc0000)
  object space 518656K, 84% used [0x73340000,0x8df7f810,0x92dc0000)
 PSPermGen       total 16384K, used 4438K [0x6b340000, 0x6c340000, 0x73340000)
  object space 16384K, 27% used [0x6b340000,0x6b795bc0,0x6c340000)
}
Event: 92.611 GC heap before
{Heap before GC invocations=29 (full 6):
 PSYoungGen      total 237568K, used 237553K [0x9ddc0000, 0xb3340000, 0xb3340000)
  eden space 174592K, 100% used [0x9ddc0000,0xa8840000,0xa8840000)
  from space 62976K, 99% used [0xaf3c0000,0xb313c5f0,0xb3140000)
  to   space 87552K, 0% used [0xa8840000,0xa8840000,0xaddc0000)
 ParOldGen       total 518656K, used 438526K [0x73340000, 0x92dc0000, 0x9ddc0000)
  object space 518656K, 84% used [0x73340000,0x8df7f810,0x92dc0000)
 PSPermGen       total 16384K, used 4438K [0x6b340000, 0x6c340000, 0x73340000)
  object space 16384K, 27% used [0x6b340000,0x6b795bd0,0x6c340000)
Event: 96.372 GC heap after
Heap after GC invocations=29 (full 6):
 PSYoungGen      total 262144K, used 87543K [0x9ddc0000, 0xb3340000, 0xb3340000)
  eden space 174592K, 0% used [0x9ddc0000,0x9ddc0000,0xa8840000)
  from space 87552K, 99% used [0xa8840000,0xaddbdc08,0xaddc0000)
  to   space 87552K, 0% used [0xaddc0000,0xaddc0000,0xb3340000)
 ParOldGen       total 518656K, used 506506K [0x73340000, 0x92dc0000, 0x9ddc0000)
  object space 518656K, 97% used [0x73340000,0x921e29a0,0x92dc0000)
 PSPermGen       total 16384K, used 4438K [0x6b340000, 0x6c340000, 0x73340000)
  object space 16384K, 27% used [0x6b340000,0x6b795bd0,0x6c340000)
}
Event: 96.372 GC heap before
{Heap before GC invocations=30 (full 7):
 PSYoungGen      total 262144K, used 87543K [0x9ddc0000, 0xb3340000, 0xb3340000)
  eden space 174592K, 0% used [0x9ddc0000,0x9ddc0000,0xa8840000)
  from space 87552K, 99% used [0xa8840000,0xaddbdc08,0xaddc0000)
  to   space 87552K, 0% used [0xaddc0000,0xaddc0000,0xb3340000)
 ParOldGen       total 518656K, used 506506K [0x73340000, 0x92dc0000, 0x9ddc0000)
  object space 518656K, 97% used [0x73340000,0x921e29a0,0x92dc0000)
 PSPermGen       total 16384K, used 4438K [0x6b340000, 0x6c340000, 0x73340000)
  object space 16384K, 27% used [0x6b340000,0x6b795bd0,0x6c340000)

