# JRE version: OpenJDK Runtime Environment (7.0_95) (build 1.7.0_95-b00)
# Java VM: OpenJDK Server VM (24.95-b01 mixed mode linux-x86 )
Heap
 PSYoungGen      total 287488K, used 32643K [0x9dcc0000, 0xb3240000, 0xb3240000)
  eden space 230400K, 0% used [0x9dcc0000,0x9dcc0000,0xabdc0000)
  from space 57088K, 57% used [0xafa80000,0xb1a60e48,0xb3240000)
  to   space 59648K, 0% used [0xabdc0000,0xabdc0000,0xaf800000)
 ParOldGen       total 200704K, used 200627K [0x73240000, 0x7f640000, 0x9dcc0000)
  object space 200704K, 99% used [0x73240000,0x7f62cc88,0x7f640000)
 PSPermGen       total 16384K, used 4385K [0x6b240000, 0x6c240000, 0x73240000)
  object space 16384K, 26% used [0x6b240000,0x6b6885a8,0x6c240000)
GC Heap History (10 events):
Event: 27.018 GC heap after
Heap after GC invocations=15 (full 2):
 PSYoungGen      total 281088K, used 39924K [0x9dcc0000, 0xb3240000, 0xb3240000)
  eden space 241152K, 0% used [0x9dcc0000,0x9dcc0000,0xac840000)
  from space 39936K, 99% used [0xac840000,0xaef3d090,0xaef40000)
  to   space 48384K, 0% used [0xb0300000,0xb0300000,0xb3240000)
 ParOldGen       total 131584K, used 87878K [0x73240000, 0x7b2c0000, 0x9dcc0000)
  object space 131584K, 66% used [0x73240000,0x78811998,0x7b2c0000)
 PSPermGen       total 16384K, used 4352K [0x6b240000, 0x6c240000, 0x73240000)
  object space 16384K, 26% used [0x6b240000,0x6b680358,0x6c240000)
}
Event: 29.755 GC heap before
{Heap before GC invocations=16 (full 2):
 PSYoungGen      total 281088K, used 281076K [0x9dcc0000, 0xb3240000, 0xb3240000)
  eden space 241152K, 100% used [0x9dcc0000,0xac840000,0xac840000)
  from space 39936K, 99% used [0xac840000,0xaef3d090,0xaef40000)
  to   space 48384K, 0% used [0xb0300000,0xb0300000,0xb3240000)
 ParOldGen       total 131584K, used 87878K [0x73240000, 0x7b2c0000, 0x9dcc0000)
  object space 131584K, 66% used [0x73240000,0x78811998,0x7b2c0000)
 PSPermGen       total 16384K, used 4373K [0x6b240000, 0x6c240000, 0x73240000)
  object space 16384K, 26% used [0x6b240000,0x6b685618,0x6c240000)
Event: 37.429 GC heap after
Heap after GC invocations=16 (full 2):
 PSYoungGen      total 291072K, used 39310K [0x9dcc0000, 0xb3240000, 0xb3240000)
  eden space 242688K, 0% used [0x9dcc0000,0x9dcc0000,0xac9c0000)
  from space 48384K, 81% used [0xb0300000,0xb2963ad0,0xb3240000)
  to   space 53504K, 0% used [0xac9c0000,0xac9c0000,0xafe00000)
 ParOldGen       total 131584K, used 128048K [0x73240000, 0x7b2c0000, 0x9dcc0000)
  object space 131584K, 97% used [0x73240000,0x7af4c300,0x7b2c0000)
 PSPermGen       total 16384K, used 4373K [0x6b240000, 0x6c240000, 0x73240000)
  object space 16384K, 26% used [0x6b240000,0x6b685618,0x6c240000)
}
Event: 37.429 GC heap before
{Heap before GC invocations=17 (full 3):
 PSYoungGen      total 291072K, used 39310K [0x9dcc0000, 0xb3240000, 0xb3240000)
  eden space 242688K, 0% used [0x9dcc0000,0x9dcc0000,0xac9c0000)
  from space 48384K, 81% used [0xb0300000,0xb2963ad0,0xb3240000)
  to   space 53504K, 0% used [0xac9c0000,0xac9c0000,0xafe00000)
 ParOldGen       total 131584K, used 128048K [0x73240000, 0x7b2c0000, 0x9dcc0000)
  object space 131584K, 97% used [0x73240000,0x7af4c300,0x7b2c0000)
 PSPermGen       total 16384K, used 4373K [0x6b240000, 0x6c240000, 0x73240000)
  object space 16384K, 26% used [0x6b240000,0x6b685618,0x6c240000)
Event: 38.799 GC heap after
Heap after GC invocations=17 (full 3):
 PSYoungGen      total 291072K, used 30243K [0x9dcc0000, 0xb3240000, 0xb3240000)
  eden space 242688K, 0% used [0x9dcc0000,0x9dcc0000,0xac9c0000)
  from space 48384K, 62% used [0xb0300000,0xb2088d50,0xb3240000)
  to   space 53504K, 0% used [0xac9c0000,0xac9c0000,0xafe00000)
 ParOldGen       total 200704K, used 131445K [0x73240000, 0x7f640000, 0x9dcc0000)
  object space 200704K, 65% used [0x73240000,0x7b29d4b0,0x7f640000)
 PSPermGen       total 16384K, used 4373K [0x6b240000, 0x6c240000, 0x73240000)
  object space 16384K, 26% used [0x6b240000,0x6b6854b8,0x6c240000)
}
Event: 41.985 GC heap before
{Heap before GC invocations=18 (full 3):
 PSYoungGen      total 291072K, used 272931K [0x9dcc0000, 0xb3240000, 0xb3240000)
  eden space 242688K, 100% used [0x9dcc0000,0xac9c0000,0xac9c0000)
  from space 48384K, 62% used [0xb0300000,0xb2088d50,0xb3240000)
  to   space 53504K, 0% used [0xac9c0000,0xac9c0000,0xafe00000)
 ParOldGen       total 200704K, used 131445K [0x73240000, 0x7f640000, 0x9dcc0000)
  object space 200704K, 65% used [0x73240000,0x7b29d4b0,0x7f640000)
 PSPermGen       total 16384K, used 4382K [0x6b240000, 0x6c240000, 0x73240000)
  object space 16384K, 26% used [0x6b240000,0x6b687868,0x6c240000)
Event: 43.583 GC heap after
Heap after GC invocations=18 (full 3):
 PSYoungGen      total 281088K, used 38269K [0x9dcc0000, 0xb3240000, 0xb3240000)
  eden space 242688K, 0% used [0x9dcc0000,0x9dcc0000,0xac9c0000)
  from space 38400K, 99% used [0xac9c0000,0xaef1f420,0xaef40000)
  to   space 57088K, 0% used [0xafa80000,0xafa80000,0xb3240000)
 ParOldGen       total 200704K, used 159888K [0x73240000, 0x7f640000, 0x9dcc0000)
  object space 200704K, 79% used [0x73240000,0x7ce641c8,0x7f640000)
 PSPermGen       total 16384K, used 4382K [0x6b240000, 0x6c240000, 0x73240000)
  object space 16384K, 26% used [0x6b240000,0x6b687868,0x6c240000)
}
Event: 46.032 GC heap before
{Heap before GC invocations=19 (full 3):
 PSYoungGen      total 281088K, used 280957K [0x9dcc0000, 0xb3240000, 0xb3240000)
  eden space 242688K, 100% used [0x9dcc0000,0xac9c0000,0xac9c0000)
  from space 38400K, 99% used [0xac9c0000,0xaef1f420,0xaef40000)
  to   space 57088K, 0% used [0xafa80000,0xafa80000,0xb3240000)
 ParOldGen       total 200704K, used 159888K [0x73240000, 0x7f640000, 0x9dcc0000)
  object space 200704K, 79% used [0x73240000,0x7ce641c8,0x7f640000)
 PSPermGen       total 16384K, used 4385K [0x6b240000, 0x6c240000, 0x73240000)
  object space 16384K, 26% used [0x6b240000,0x6b688648,0x6c240000)
Event: 48.888 GC heap after
Heap after GC invocations=19 (full 3):
 PSYoungGen      total 287488K, used 38331K [0x9dcc0000, 0xb3240000, 0xb3240000)
  eden space 230400K, 0% used [0x9dcc0000,0x9dcc0000,0xabdc0000)
  from space 57088K, 67% used [0xafa80000,0xb1feeec8,0xb3240000)
  to   space 59648K, 0% used [0xabdc0000,0xabdc0000,0xaf800000)
 ParOldGen       total 200704K, used 196441K [0x73240000, 0x7f640000, 0x9dcc0000)
  object space 200704K, 97% used [0x73240000,0x7f216470,0x7f640000)
 PSPermGen       total 16384K, used 4385K [0x6b240000, 0x6c240000, 0x73240000)
  object space 16384K, 26% used [0x6b240000,0x6b688648,0x6c240000)
}
Event: 49.173 GC heap before
{Heap before GC invocations=20 (full 4):
 PSYoungGen      total 287488K, used 38331K [0x9dcc0000, 0xb3240000, 0xb3240000)
  eden space 230400K, 0% used [0x9dcc0000,0x9dcc0000,0xabdc0000)
  from space 57088K, 67% used [0xafa80000,0xb1feeec8,0xb3240000)
  to   space 59648K, 0% used [0xabdc0000,0xabdc0000,0xaf800000)
 ParOldGen       total 200704K, used 196441K [0x73240000, 0x7f640000, 0x9dcc0000)
  object space 200704K, 97% used [0x73240000,0x7f216470,0x7f640000)
 PSPermGen       total 16384K, used 4385K [0x6b240000, 0x6c240000, 0x73240000)
  object space 16384K, 26% used [0x6b240000,0x6b688648,0x6c240000)

